[2025-07-30 17:51:56,806] 1025 httpx - INFO - HTTP Request: GET https://dagshub.com/api/v1/user "HTTP/1.1 200 OK"
[2025-07-30 17:51:56,812] 107 dagshub - INFO - Accessing as Zenith369
[2025-07-30 17:51:57,673] 1025 httpx - INFO - HTTP Request: GET https://dagshub.com/api/v1/repos/Zenith369/networksecurity "HTTP/1.1 200 OK"
[2025-07-30 17:51:58,470] 1025 httpx - INFO - HTTP Request: GET https://dagshub.com/api/v1/user "HTTP/1.1 200 OK"
[2025-07-30 17:51:58,472] 107 dagshub - INFO - Initialized MLflow to track repo "Zenith369/networksecurity"
[2025-07-30 17:51:58,473] 107 dagshub - INFO - Repository Zenith369/networksecurity initialized!
[2025-07-30 17:53:27,695] 37 root - INFO - Data Ingestion Initiated
[2025-07-30 17:53:33,677] 63 root - INFO - Performed train test split
[2025-07-30 17:53:33,678] 68 root - INFO - Exporting train and test data to CSV files
[2025-07-30 17:53:33,755] 79 root - INFO - Exported train and test data to CSV files
[2025-07-30 17:53:33,755] 40 root - INFO - Data Ingestion Completed
[2025-07-30 17:53:33,756] 48 root - INFO - Data Validation Initiated
[2025-07-30 17:53:33,828] 37 root - INFO - Required number of columns:2
[2025-07-30 17:53:33,828] 38 root - INFO - Data frame has columns:31
[2025-07-30 17:53:33,828] 37 root - INFO - Required number of columns:2
[2025-07-30 17:53:33,828] 38 root - INFO - Data frame has columns:31
[2025-07-30 17:53:34,011] 54 root - INFO - Data Validation Completed
[2025-07-30 17:53:34,011] 62 root - INFO - Data Transformation Initiated
[2025-07-30 17:53:34,039] 60 root - INFO - Creating data transformation pipeline with KNN imputer
[2025-07-30 17:53:34,039] 63 root - INFO - Initialized KNNImputer with parameters: {'missing_values': nan, 'n_neighbors': 3, 'weights': 'uniform'}
[2025-07-30 17:53:34,053] 71 root - INFO - Entering the save_object function of main_utils
[2025-07-30 17:53:34,056] 76 root - INFO - Exiting the save_object function of main_utils
[2025-07-30 17:53:34,057] 71 root - INFO - Entering the save_object function of main_utils
[2025-07-30 17:53:34,059] 76 root - INFO - Exiting the save_object function of main_utils
[2025-07-30 17:53:34,060] 68 root - INFO - Data Transformation Completed
[2025-07-30 17:53:34,061] 76 root - INFO - Model Training Initiated
[2025-07-30 17:57:27,328] 71 root - INFO - Entering the save_object function of main_utils
[2025-07-30 17:57:27,368] 76 root - INFO - Exiting the save_object function of main_utils
[2025-07-30 17:57:27,368] 71 root - INFO - Entering the save_object function of main_utils
[2025-07-30 17:57:27,409] 76 root - INFO - Exiting the save_object function of main_utils
[2025-07-30 17:57:27,410] 115 root - INFO - Model trainer artifact: ModelTrainerArtifact(trained_model_file_path='Artifacts\\07_30_2025_17_51_51\\model_trainer\\trained_model\\model.pkl', train_metric_artifact=ClassificationMetricArtifact(f1_score=0.9912654885232581, precision_score=0.9892560308128928, recall_score=0.9932831263993487), test_metric_artifact=ClassificationMetricArtifact(f1_score=0.9711769415532426, precision_score=0.967304625199362, recall_score=0.97508038585209))
[2025-07-30 17:57:27,412] 82 root - INFO - Model Training Completed
